::ffff:192.168.178.20 - - [12/Nov/2017:14:52:35 +0000] "GET /?id=Hello HTTP/1.1" 200 1140 "http://192.168.178.23:5000/" "Mozilla/5.0 (iPhone; CPU iPhone OS 11_0_3 like Mac OS X) AppleWebKit/604.1.38 (KHTML, like Gecko) Version/11.0 Mobile/15A432 Safari/604.1"
::ffff:192.168.178.20 - - [12/Nov/2017:14:52:35 +0000] "GET /styles/style.css HTTP/1.1" 304 - "http://192.168.178.23:5000/?id=Hello" "Mozilla/5.0 (iPhone; CPU iPhone OS 11_0_3 like Mac OS X) AppleWebKit/604.1.38 (KHTML, like Gecko) Version/11.0 Mobile/15A432 Safari/604.1"
::ffff:192.168.178.20 - - [12/Nov/2017:14:52:35 +0000] "GET /jquery-3.2.1.min.js HTTP/1.1" 304 - "http://192.168.178.23:5000/?id=Hello" "Mozilla/5.0 (iPhone; CPU iPhone OS 11_0_3 like Mac OS X) AppleWebKit/604.1.38 (KHTML, like Gecko) Version/11.0 Mobile/15A432 Safari/604.1"
::ffff:192.168.178.20 - - [12/Nov/2017:14:53:11 +0000] "GET /?id=Hello HTTP/1.1" 200 1140 "http://192.168.178.23:5000/" "Mozilla/5.0 (iPhone; CPU iPhone OS 11_0_3 like Mac OS X) AppleWebKit/604.1.38 (KHTML, like Gecko) Version/11.0 Mobile/15A432 Safari/604.1"
::ffff:192.168.178.20 - - [12/Nov/2017:14:53:11 +0000] "GET /jquery-3.2.1.min.js HTTP/1.1" 304 - "http://192.168.178.23:5000/?id=Hello" "Mozilla/5.0 (iPhone; CPU iPhone OS 11_0_3 like Mac OS X) AppleWebKit/604.1.38 (KHTML, like Gecko) Version/11.0 Mobile/15A432 Safari/604.1"
::ffff:192.168.178.20 - - [12/Nov/2017:14:53:11 +0000] "GET /styles/style.css HTTP/1.1" 304 - "http://192.168.178.23:5000/?id=Hello" "Mozilla/5.0 (iPhone; CPU iPhone OS 11_0_3 like Mac OS X) AppleWebKit/604.1.38 (KHTML, like Gecko) Version/11.0 Mobile/15A432 Safari/604.1"
::1 - - [12/Nov/2017:14:53:31 +0000] "GET / HTTP/1.1" 200 1140 "-" "Mozilla/5.0 (Macintosh; Intel Mac OS X 10_12_6) AppleWebKit/537.36 (KHTML, like Gecko) Chrome/61.0.3163.100 Safari/537.36"
::1 - - [12/Nov/2017:14:53:31 +0000] "GET /styles/style.css HTTP/1.1" 200 1203 "http://localhost:5000/" "Mozilla/5.0 (Macintosh; Intel Mac OS X 10_12_6) AppleWebKit/537.36 (KHTML, like Gecko) Chrome/61.0.3163.100 Safari/537.36"
::1 - - [12/Nov/2017:14:53:31 +0000] "GET /jquery-3.2.1.min.js HTTP/1.1" 200 86659 "http://localhost:5000/" "Mozilla/5.0 (Macintosh; Intel Mac OS X 10_12_6) AppleWebKit/537.36 (KHTML, like Gecko) Chrome/61.0.3163.100 Safari/537.36"
::1 - - [12/Nov/2017:16:02:28 +0000] "GET / HTTP/1.1" 200 1140 "-" "Mozilla/5.0 (Macintosh; Intel Mac OS X 10_12_6) AppleWebKit/537.36 (KHTML, like Gecko) Chrome/61.0.3163.100 Safari/537.36"
::1 - - [12/Nov/2017:16:02:28 +0000] "GET /styles/style.css HTTP/1.1" 200 4807 "http://localhost:5000/" "Mozilla/5.0 (Macintosh; Intel Mac OS X 10_12_6) AppleWebKit/537.36 (KHTML, like Gecko) Chrome/61.0.3163.100 Safari/537.36"
::1 - - [12/Nov/2017:16:02:28 +0000] "GET /jquery-3.2.1.min.js HTTP/1.1" 200 86659 "http://localhost:5000/" "Mozilla/5.0 (Macintosh; Intel Mac OS X 10_12_6) AppleWebKit/537.36 (KHTML, like Gecko) Chrome/61.0.3163.100 Safari/537.36"
::1 - - [12/Nov/2017:16:02:28 +0000] "GET /favicon.ico HTTP/1.1" 404 150 "http://localhost:5000/" "Mozilla/5.0 (Macintosh; Intel Mac OS X 10_12_6) AppleWebKit/537.36 (KHTML, like Gecko) Chrome/61.0.3163.100 Safari/537.36"
::1 - - [12/Nov/2017:16:02:34 +0000] "POST / HTTP/1.1" 300 31 "http://localhost:5000/" "Mozilla/5.0 (Macintosh; Intel Mac OS X 10_12_6) AppleWebKit/537.36 (KHTML, like Gecko) Chrome/61.0.3163.100 Safari/537.36"
::1 - - [12/Nov/2017:16:02:46 +0000] "POST / HTTP/1.1" 302 32 "http://localhost:5000/" "Mozilla/5.0 (Macintosh; Intel Mac OS X 10_12_6) AppleWebKit/537.36 (KHTML, like Gecko) Chrome/61.0.3163.100 Safari/537.36"
::1 - - [12/Nov/2017:16:02:46 +0000] "GET /code-hour HTTP/1.1" 500 1215 "http://localhost:5000/" "Mozilla/5.0 (Macintosh; Intel Mac OS X 10_12_6) AppleWebKit/537.36 (KHTML, like Gecko) Chrome/61.0.3163.100 Safari/537.36"
::1 - - [12/Nov/2017:16:03:22 +0000] "POST / HTTP/1.1" 302 32 "http://localhost:5000/" "Mozilla/5.0 (Macintosh; Intel Mac OS X 10_12_6) AppleWebKit/537.36 (KHTML, like Gecko) Chrome/61.0.3163.100 Safari/537.36"
::1 - - [12/Nov/2017:16:03:22 +0000] "GET /code-hour HTTP/1.1" 500 1215 "http://localhost:5000/" "Mozilla/5.0 (Macintosh; Intel Mac OS X 10_12_6) AppleWebKit/537.36 (KHTML, like Gecko) Chrome/61.0.3163.100 Safari/537.36"
::1 - - [12/Nov/2017:16:03:26 +0000] "GET / HTTP/1.1" 200 1140 "-" "Mozilla/5.0 (Macintosh; Intel Mac OS X 10_12_6) AppleWebKit/537.36 (KHTML, like Gecko) Chrome/61.0.3163.100 Safari/537.36"
::1 - - [12/Nov/2017:16:03:26 +0000] "GET /styles/style.css HTTP/1.1" 304 - "http://localhost:5000/" "Mozilla/5.0 (Macintosh; Intel Mac OS X 10_12_6) AppleWebKit/537.36 (KHTML, like Gecko) Chrome/61.0.3163.100 Safari/537.36"
::1 - - [12/Nov/2017:16:03:26 +0000] "GET /jquery-3.2.1.min.js HTTP/1.1" 304 - "http://localhost:5000/" "Mozilla/5.0 (Macintosh; Intel Mac OS X 10_12_6) AppleWebKit/537.36 (KHTML, like Gecko) Chrome/61.0.3163.100 Safari/537.36"
::1 - - [12/Nov/2017:16:03:29 +0000] "GET /?id=hello HTTP/1.1" 200 1140 "http://localhost:5000/" "Mozilla/5.0 (Macintosh; Intel Mac OS X 10_12_6) AppleWebKit/537.36 (KHTML, like Gecko) Chrome/61.0.3163.100 Safari/537.36"
::1 - - [12/Nov/2017:16:03:29 +0000] "GET /styles/style.css HTTP/1.1" 304 - "http://localhost:5000/?id=hello" "Mozilla/5.0 (Macintosh; Intel Mac OS X 10_12_6) AppleWebKit/537.36 (KHTML, like Gecko) Chrome/61.0.3163.100 Safari/537.36"
::1 - - [12/Nov/2017:16:03:29 +0000] "GET /jquery-3.2.1.min.js HTTP/1.1" 304 - "http://localhost:5000/?id=hello" "Mozilla/5.0 (Macintosh; Intel Mac OS X 10_12_6) AppleWebKit/537.36 (KHTML, like Gecko) Chrome/61.0.3163.100 Safari/537.36"
::1 - - [12/Nov/2017:16:03:34 +0000] "POST / HTTP/1.1" 302 32 "http://localhost:5000/?id=hello" "Mozilla/5.0 (Macintosh; Intel Mac OS X 10_12_6) AppleWebKit/537.36 (KHTML, like Gecko) Chrome/61.0.3163.100 Safari/537.36"
::1 - - [12/Nov/2017:16:03:34 +0000] "GET /code-hour HTTP/1.1" 500 1215 "http://localhost:5000/?id=hello" "Mozilla/5.0 (Macintosh; Intel Mac OS X 10_12_6) AppleWebKit/537.36 (KHTML, like Gecko) Chrome/61.0.3163.100 Safari/537.36"
::1 - - [12/Nov/2017:16:04:46 +0000] "GET /?id=hello HTTP/1.1" 304 - "http://localhost:5000/" "Mozilla/5.0 (Macintosh; Intel Mac OS X 10_12_6) AppleWebKit/537.36 (KHTML, like Gecko) Chrome/61.0.3163.100 Safari/537.36"
::1 - - [12/Nov/2017:16:04:46 +0000] "GET /styles/style.css HTTP/1.1" 304 - "http://localhost:5000/?id=hello" "Mozilla/5.0 (Macintosh; Intel Mac OS X 10_12_6) AppleWebKit/537.36 (KHTML, like Gecko) Chrome/61.0.3163.100 Safari/537.36"
::1 - - [12/Nov/2017:16:04:46 +0000] "GET /jquery-3.2.1.min.js HTTP/1.1" 304 - "http://localhost:5000/?id=hello" "Mozilla/5.0 (Macintosh; Intel Mac OS X 10_12_6) AppleWebKit/537.36 (KHTML, like Gecko) Chrome/61.0.3163.100 Safari/537.36"
::1 - - [12/Nov/2017:16:04:50 +0000] "POST / HTTP/1.1" 302 32 "http://localhost:5000/?id=hello" "Mozilla/5.0 (Macintosh; Intel Mac OS X 10_12_6) AppleWebKit/537.36 (KHTML, like Gecko) Chrome/61.0.3163.100 Safari/537.36"
::1 - - [12/Nov/2017:16:04:50 +0000] "GET /code-hour HTTP/1.1" 200 8243 "http://localhost:5000/?id=hello" "Mozilla/5.0 (Macintosh; Intel Mac OS X 10_12_6) AppleWebKit/537.36 (KHTML, like Gecko) Chrome/61.0.3163.100 Safari/537.36"
::1 - - [12/Nov/2017:16:04:52 +0000] "POST / HTTP/1.1" 302 32 "http://localhost:5000/?id=hello" "Mozilla/5.0 (Macintosh; Intel Mac OS X 10_12_6) AppleWebKit/537.36 (KHTML, like Gecko) Chrome/61.0.3163.100 Safari/537.36"
::1 - - [12/Nov/2017:16:04:52 +0000] "GET /code-hour HTTP/1.1" 304 - "http://localhost:5000/?id=hello" "Mozilla/5.0 (Macintosh; Intel Mac OS X 10_12_6) AppleWebKit/537.36 (KHTML, like Gecko) Chrome/61.0.3163.100 Safari/537.36"
::1 - - [12/Nov/2017:16:05:03 +0000] "GET /styles/style.css HTTP/1.1" 304 - "http://localhost:5000/?id=hello" "Mozilla/5.0 (Macintosh; Intel Mac OS X 10_12_6) AppleWebKit/537.36 (KHTML, like Gecko) Chrome/61.0.3163.100 Safari/537.36"
::1 - - [12/Nov/2017:16:05:10 +0000] "GET / HTTP/1.1" 200 1140 "-" "Mozilla/5.0 (Macintosh; Intel Mac OS X 10_12_6) AppleWebKit/537.36 (KHTML, like Gecko) Chrome/61.0.3163.100 Safari/537.36"
::1 - - [12/Nov/2017:16:05:10 +0000] "GET /styles/style.css HTTP/1.1" 200 4807 "http://localhost:5000/" "Mozilla/5.0 (Macintosh; Intel Mac OS X 10_12_6) AppleWebKit/537.36 (KHTML, like Gecko) Chrome/61.0.3163.100 Safari/537.36"
::1 - - [12/Nov/2017:16:05:10 +0000] "GET /jquery-3.2.1.min.js HTTP/1.1" 200 86659 "http://localhost:5000/" "Mozilla/5.0 (Macintosh; Intel Mac OS X 10_12_6) AppleWebKit/537.36 (KHTML, like Gecko) Chrome/61.0.3163.100 Safari/537.36"
::1 - - [12/Nov/2017:16:05:14 +0000] "POST / HTTP/1.1" 302 32 "http://localhost:5000/" "Mozilla/5.0 (Macintosh; Intel Mac OS X 10_12_6) AppleWebKit/537.36 (KHTML, like Gecko) Chrome/61.0.3163.100 Safari/537.36"
::1 - - [12/Nov/2017:16:05:14 +0000] "GET /code-hour HTTP/1.1" 200 8243 "http://localhost:5000/" "Mozilla/5.0 (Macintosh; Intel Mac OS X 10_12_6) AppleWebKit/537.36 (KHTML, like Gecko) Chrome/61.0.3163.100 Safari/537.36"
::1 - - [12/Nov/2017:16:06:06 +0000] "POST / HTTP/1.1" 302 32 "http://localhost:5000/" "Mozilla/5.0 (Macintosh; Intel Mac OS X 10_12_6) AppleWebKit/537.36 (KHTML, like Gecko) Chrome/61.0.3163.100 Safari/537.36"
::1 - - [12/Nov/2017:16:06:06 +0000] "GET /code_hour HTTP/1.1" 200 7499 "http://localhost:5000/" "Mozilla/5.0 (Macintosh; Intel Mac OS X 10_12_6) AppleWebKit/537.36 (KHTML, like Gecko) Chrome/61.0.3163.100 Safari/537.36"
::1 - - [12/Nov/2017:16:06:45 +0000] "GET / HTTP/1.1" 200 1140 "-" "Mozilla/5.0 (Macintosh; Intel Mac OS X 10_12_6) AppleWebKit/537.36 (KHTML, like Gecko) Chrome/61.0.3163.100 Safari/537.36"
::1 - - [12/Nov/2017:16:06:45 +0000] "GET /styles/style.css HTTP/1.1" 200 4807 "http://localhost:5000/" "Mozilla/5.0 (Macintosh; Intel Mac OS X 10_12_6) AppleWebKit/537.36 (KHTML, like Gecko) Chrome/61.0.3163.100 Safari/537.36"
::1 - - [12/Nov/2017:16:06:45 +0000] "GET /jquery-3.2.1.min.js HTTP/1.1" 200 86659 "http://localhost:5000/" "Mozilla/5.0 (Macintosh; Intel Mac OS X 10_12_6) AppleWebKit/537.36 (KHTML, like Gecko) Chrome/61.0.3163.100 Safari/537.36"
::1 - - [12/Nov/2017:16:06:48 +0000] "POST / HTTP/1.1" 302 32 "http://localhost:5000/" "Mozilla/5.0 (Macintosh; Intel Mac OS X 10_12_6) AppleWebKit/537.36 (KHTML, like Gecko) Chrome/61.0.3163.100 Safari/537.36"
::1 - - [12/Nov/2017:16:06:48 +0000] "GET /code_hour HTTP/1.1" 200 7499 "http://localhost:5000/" "Mozilla/5.0 (Macintosh; Intel Mac OS X 10_12_6) AppleWebKit/537.36 (KHTML, like Gecko) Chrome/61.0.3163.100 Safari/537.36"
::1 - - [12/Nov/2017:16:07:11 +0000] "GET / HTTP/1.1" 200 1140 "-" "Mozilla/5.0 (Macintosh; Intel Mac OS X 10_12_6) AppleWebKit/537.36 (KHTML, like Gecko) Chrome/61.0.3163.100 Safari/537.36"
::1 - - [12/Nov/2017:16:07:11 +0000] "GET /styles/style.css HTTP/1.1" 200 4807 "http://localhost:5000/" "Mozilla/5.0 (Macintosh; Intel Mac OS X 10_12_6) AppleWebKit/537.36 (KHTML, like Gecko) Chrome/61.0.3163.100 Safari/537.36"
::1 - - [12/Nov/2017:16:07:11 +0000] "GET /jquery-3.2.1.min.js HTTP/1.1" 200 86659 "http://localhost:5000/" "Mozilla/5.0 (Macintosh; Intel Mac OS X 10_12_6) AppleWebKit/537.36 (KHTML, like Gecko) Chrome/61.0.3163.100 Safari/537.36"
::1 - - [12/Nov/2017:16:07:14 +0000] "POST / HTTP/1.1" 302 32 "http://localhost:5000/" "Mozilla/5.0 (Macintosh; Intel Mac OS X 10_12_6) AppleWebKit/537.36 (KHTML, like Gecko) Chrome/61.0.3163.100 Safari/537.36"
::1 - - [12/Nov/2017:16:07:14 +0000] "GET /code_hour HTTP/1.1" 200 7499 "http://localhost:5000/" "Mozilla/5.0 (Macintosh; Intel Mac OS X 10_12_6) AppleWebKit/537.36 (KHTML, like Gecko) Chrome/61.0.3163.100 Safari/537.36"
::1 - - [12/Nov/2017:16:10:20 +0000] "GET / HTTP/1.1" 200 1140 "-" "Mozilla/5.0 (Macintosh; Intel Mac OS X 10_12_6) AppleWebKit/537.36 (KHTML, like Gecko) Chrome/61.0.3163.100 Safari/537.36"
::1 - - [12/Nov/2017:16:10:20 +0000] "GET /styles/style.css HTTP/1.1" 200 4807 "http://localhost:5000/" "Mozilla/5.0 (Macintosh; Intel Mac OS X 10_12_6) AppleWebKit/537.36 (KHTML, like Gecko) Chrome/61.0.3163.100 Safari/537.36"
::1 - - [12/Nov/2017:16:10:20 +0000] "GET /jquery-3.2.1.min.js HTTP/1.1" 200 86659 "http://localhost:5000/" "Mozilla/5.0 (Macintosh; Intel Mac OS X 10_12_6) AppleWebKit/537.36 (KHTML, like Gecko) Chrome/61.0.3163.100 Safari/537.36"
::1 - - [12/Nov/2017:16:10:23 +0000] "POST / HTTP/1.1" 500 1513 "http://localhost:5000/" "Mozilla/5.0 (Macintosh; Intel Mac OS X 10_12_6) AppleWebKit/537.36 (KHTML, like Gecko) Chrome/61.0.3163.100 Safari/537.36"
::1 - - [12/Nov/2017:16:10:57 +0000] "GET / HTTP/1.1" 200 1140 "-" "Mozilla/5.0 (Macintosh; Intel Mac OS X 10_12_6) AppleWebKit/537.36 (KHTML, like Gecko) Chrome/61.0.3163.100 Safari/537.36"
::1 - - [12/Nov/2017:16:10:57 +0000] "GET /styles/style.css HTTP/1.1" 200 4807 "http://localhost:5000/" "Mozilla/5.0 (Macintosh; Intel Mac OS X 10_12_6) AppleWebKit/537.36 (KHTML, like Gecko) Chrome/61.0.3163.100 Safari/537.36"
::1 - - [12/Nov/2017:16:10:57 +0000] "GET /jquery-3.2.1.min.js HTTP/1.1" 200 86659 "http://localhost:5000/" "Mozilla/5.0 (Macintosh; Intel Mac OS X 10_12_6) AppleWebKit/537.36 (KHTML, like Gecko) Chrome/61.0.3163.100 Safari/537.36"
::1 - - [12/Nov/2017:16:11:01 +0000] "POST / HTTP/1.1" 500 1216 "http://localhost:5000/" "Mozilla/5.0 (Macintosh; Intel Mac OS X 10_12_6) AppleWebKit/537.36 (KHTML, like Gecko) Chrome/61.0.3163.100 Safari/537.36"
::1 - - [12/Nov/2017:16:11:51 +0000] "GET / HTTP/1.1" 200 1140 "-" "Mozilla/5.0 (Macintosh; Intel Mac OS X 10_12_6) AppleWebKit/537.36 (KHTML, like Gecko) Chrome/61.0.3163.100 Safari/537.36"
::1 - - [12/Nov/2017:16:11:51 +0000] "GET /styles/style.css HTTP/1.1" 200 4807 "http://localhost:5000/" "Mozilla/5.0 (Macintosh; Intel Mac OS X 10_12_6) AppleWebKit/537.36 (KHTML, like Gecko) Chrome/61.0.3163.100 Safari/537.36"
::1 - - [12/Nov/2017:16:11:51 +0000] "GET /jquery-3.2.1.min.js HTTP/1.1" 200 86659 "http://localhost:5000/" "Mozilla/5.0 (Macintosh; Intel Mac OS X 10_12_6) AppleWebKit/537.36 (KHTML, like Gecko) Chrome/61.0.3163.100 Safari/537.36"
::1 - - [12/Nov/2017:16:11:57 +0000] "POST / HTTP/1.1" 200 8243 "http://localhost:5000/" "Mozilla/5.0 (Macintosh; Intel Mac OS X 10_12_6) AppleWebKit/537.36 (KHTML, like Gecko) Chrome/61.0.3163.100 Safari/537.36"
::1 - - [12/Nov/2017:16:16:11 +0000] "GET / HTTP/1.1" 200 1140 "-" "Mozilla/5.0 (Macintosh; Intel Mac OS X 10_12_6) AppleWebKit/537.36 (KHTML, like Gecko) Chrome/61.0.3163.100 Safari/537.36"
::1 - - [12/Nov/2017:16:16:11 +0000] "GET /styles/style.css HTTP/1.1" 200 4807 "http://localhost:5000/" "Mozilla/5.0 (Macintosh; Intel Mac OS X 10_12_6) AppleWebKit/537.36 (KHTML, like Gecko) Chrome/61.0.3163.100 Safari/537.36"
::1 - - [12/Nov/2017:16:16:11 +0000] "GET /jquery-3.2.1.min.js HTTP/1.1" 200 86659 "http://localhost:5000/" "Mozilla/5.0 (Macintosh; Intel Mac OS X 10_12_6) AppleWebKit/537.36 (KHTML, like Gecko) Chrome/61.0.3163.100 Safari/537.36"
::1 - - [12/Nov/2017:16:16:16 +0000] "POST / HTTP/1.1" 200 8243 "http://localhost:5000/" "Mozilla/5.0 (Macintosh; Intel Mac OS X 10_12_6) AppleWebKit/537.36 (KHTML, like Gecko) Chrome/61.0.3163.100 Safari/537.36"
::1 - - [12/Nov/2017:16:17:18 +0000] "GET / HTTP/1.1" 200 1140 "-" "Mozilla/5.0 (Macintosh; Intel Mac OS X 10_12_6) AppleWebKit/537.36 (KHTML, like Gecko) Chrome/61.0.3163.100 Safari/537.36"
::1 - - [12/Nov/2017:16:17:18 +0000] "GET /styles/style.css HTTP/1.1" 200 4807 "http://localhost:5000/" "Mozilla/5.0 (Macintosh; Intel Mac OS X 10_12_6) AppleWebKit/537.36 (KHTML, like Gecko) Chrome/61.0.3163.100 Safari/537.36"
::1 - - [12/Nov/2017:16:17:18 +0000] "GET /jquery-3.2.1.min.js HTTP/1.1" 200 86659 "http://localhost:5000/" "Mozilla/5.0 (Macintosh; Intel Mac OS X 10_12_6) AppleWebKit/537.36 (KHTML, like Gecko) Chrome/61.0.3163.100 Safari/537.36"
::1 - - [12/Nov/2017:16:18:01 +0000] "GET / HTTP/1.1" 200 1140 "-" "Mozilla/5.0 (Macintosh; Intel Mac OS X 10_12_6) AppleWebKit/537.36 (KHTML, like Gecko) Chrome/61.0.3163.100 Safari/537.36"
::1 - - [12/Nov/2017:16:18:02 +0000] "GET /styles/style.css HTTP/1.1" 200 4807 "http://localhost:5000/" "Mozilla/5.0 (Macintosh; Intel Mac OS X 10_12_6) AppleWebKit/537.36 (KHTML, like Gecko) Chrome/61.0.3163.100 Safari/537.36"
::1 - - [12/Nov/2017:16:18:02 +0000] "GET /jquery-3.2.1.min.js HTTP/1.1" 200 86659 "http://localhost:5000/" "Mozilla/5.0 (Macintosh; Intel Mac OS X 10_12_6) AppleWebKit/537.36 (KHTML, like Gecko) Chrome/61.0.3163.100 Safari/537.36"
::1 - - [12/Nov/2017:16:18:04 +0000] "GET /?id=hello HTTP/1.1" 200 1140 "http://localhost:5000/" "Mozilla/5.0 (Macintosh; Intel Mac OS X 10_12_6) AppleWebKit/537.36 (KHTML, like Gecko) Chrome/61.0.3163.100 Safari/537.36"
::1 - - [12/Nov/2017:16:18:04 +0000] "GET /styles/style.css HTTP/1.1" 200 4807 "http://localhost:5000/?id=hello" "Mozilla/5.0 (Macintosh; Intel Mac OS X 10_12_6) AppleWebKit/537.36 (KHTML, like Gecko) Chrome/61.0.3163.100 Safari/537.36"
::1 - - [12/Nov/2017:16:18:04 +0000] "GET /jquery-3.2.1.min.js HTTP/1.1" 200 86659 "http://localhost:5000/?id=hello" "Mozilla/5.0 (Macintosh; Intel Mac OS X 10_12_6) AppleWebKit/537.36 (KHTML, like Gecko) Chrome/61.0.3163.100 Safari/537.36"
::1 - - [12/Nov/2017:16:18:21 +0000] "GET / HTTP/1.1" 304 - "-" "Mozilla/5.0 (Macintosh; Intel Mac OS X 10_12_6) AppleWebKit/537.36 (KHTML, like Gecko) Chrome/61.0.3163.100 Safari/537.36"
::1 - - [12/Nov/2017:16:18:21 +0000] "GET /styles/style.css HTTP/1.1" 200 4807 "http://localhost:5000/" "Mozilla/5.0 (Macintosh; Intel Mac OS X 10_12_6) AppleWebKit/537.36 (KHTML, like Gecko) Chrome/61.0.3163.100 Safari/537.36"
::1 - - [12/Nov/2017:16:18:21 +0000] "GET /jquery-3.2.1.min.js HTTP/1.1" 200 86659 "http://localhost:5000/" "Mozilla/5.0 (Macintosh; Intel Mac OS X 10_12_6) AppleWebKit/537.36 (KHTML, like Gecko) Chrome/61.0.3163.100 Safari/537.36"
::1 - - [12/Nov/2017:16:19:03 +0000] "GET / HTTP/1.1" 200 1140 "-" "Mozilla/5.0 (Macintosh; Intel Mac OS X 10_12_6) AppleWebKit/537.36 (KHTML, like Gecko) Chrome/61.0.3163.100 Safari/537.36"
::1 - - [12/Nov/2017:16:19:03 +0000] "GET /styles/style.css HTTP/1.1" 200 4807 "http://localhost:5000/" "Mozilla/5.0 (Macintosh; Intel Mac OS X 10_12_6) AppleWebKit/537.36 (KHTML, like Gecko) Chrome/61.0.3163.100 Safari/537.36"
::1 - - [12/Nov/2017:16:19:03 +0000] "GET /jquery-3.2.1.min.js HTTP/1.1" 200 86659 "http://localhost:5000/" "Mozilla/5.0 (Macintosh; Intel Mac OS X 10_12_6) AppleWebKit/537.36 (KHTML, like Gecko) Chrome/61.0.3163.100 Safari/537.36"
::1 - - [12/Nov/2017:16:19:10 +0000] "POST / HTTP/1.1" 302 32 "http://localhost:5000/" "Mozilla/5.0 (Macintosh; Intel Mac OS X 10_12_6) AppleWebKit/537.36 (KHTML, like Gecko) Chrome/61.0.3163.100 Safari/537.36"
::1 - - [12/Nov/2017:16:19:10 +0000] "GET /code-hour HTTP/1.1" 200 8243 "http://localhost:5000/" "Mozilla/5.0 (Macintosh; Intel Mac OS X 10_12_6) AppleWebKit/537.36 (KHTML, like Gecko) Chrome/61.0.3163.100 Safari/537.36"
::1 - - [12/Nov/2017:16:24:00 +0000] "GET / HTTP/1.1" 200 1140 "-" "Mozilla/5.0 (Macintosh; Intel Mac OS X 10_12_6) AppleWebKit/537.36 (KHTML, like Gecko) Chrome/61.0.3163.100 Safari/537.36"
::1 - - [12/Nov/2017:16:24:00 +0000] "GET /styles/style.css HTTP/1.1" 200 4807 "http://localhost:5000/" "Mozilla/5.0 (Macintosh; Intel Mac OS X 10_12_6) AppleWebKit/537.36 (KHTML, like Gecko) Chrome/61.0.3163.100 Safari/537.36"
::1 - - [12/Nov/2017:16:24:00 +0000] "GET /jquery-3.2.1.min.js HTTP/1.1" 200 86659 "http://localhost:5000/" "Mozilla/5.0 (Macintosh; Intel Mac OS X 10_12_6) AppleWebKit/537.36 (KHTML, like Gecko) Chrome/61.0.3163.100 Safari/537.36"
::1 - - [12/Nov/2017:16:24:04 +0000] "POST / HTTP/1.1" 302 32 "http://localhost:5000/" "Mozilla/5.0 (Macintosh; Intel Mac OS X 10_12_6) AppleWebKit/537.36 (KHTML, like Gecko) Chrome/61.0.3163.100 Safari/537.36"
::1 - - [12/Nov/2017:16:24:04 +0000] "GET /code-hour HTTP/1.1" 200 8243 "http://localhost:5000/" "Mozilla/5.0 (Macintosh; Intel Mac OS X 10_12_6) AppleWebKit/537.36 (KHTML, like Gecko) Chrome/61.0.3163.100 Safari/537.36"
::1 - - [12/Nov/2017:16:24:39 +0000] "GET /code-hour HTTP/1.1" 304 - "-" "Mozilla/5.0 (Macintosh; Intel Mac OS X 10_12_6) AppleWebKit/537.36 (KHTML, like Gecko) Chrome/61.0.3163.100 Safari/537.36"
::1 - - [12/Nov/2017:16:24:39 +0000] "GET /styles/style.css HTTP/1.1" 200 4807 "http://localhost:5000/code-hour" "Mozilla/5.0 (Macintosh; Intel Mac OS X 10_12_6) AppleWebKit/537.36 (KHTML, like Gecko) Chrome/61.0.3163.100 Safari/537.36"
::1 - - [12/Nov/2017:16:24:39 +0000] "GET /index.js HTTP/1.1" 200 1922 "http://localhost:5000/code-hour" "Mozilla/5.0 (Macintosh; Intel Mac OS X 10_12_6) AppleWebKit/537.36 (KHTML, like Gecko) Chrome/61.0.3163.100 Safari/537.36"
::1 - - [12/Nov/2017:16:27:27 +0000] "GET / HTTP/1.1" 200 1140 "-" "Mozilla/5.0 (Macintosh; Intel Mac OS X 10_12_6) AppleWebKit/537.36 (KHTML, like Gecko) Chrome/61.0.3163.100 Safari/537.36"
::1 - - [12/Nov/2017:16:27:27 +0000] "GET /styles/style.css HTTP/1.1" 200 4807 "http://localhost:5000/" "Mozilla/5.0 (Macintosh; Intel Mac OS X 10_12_6) AppleWebKit/537.36 (KHTML, like Gecko) Chrome/61.0.3163.100 Safari/537.36"
::1 - - [12/Nov/2017:16:27:27 +0000] "GET /jquery-3.2.1.min.js HTTP/1.1" 200 86659 "http://localhost:5000/" "Mozilla/5.0 (Macintosh; Intel Mac OS X 10_12_6) AppleWebKit/537.36 (KHTML, like Gecko) Chrome/61.0.3163.100 Safari/537.36"
::1 - - [12/Nov/2017:16:27:28 +0000] "GET / HTTP/1.1" 200 1140 "-" "Mozilla/5.0 (Macintosh; Intel Mac OS X 10_12_6) AppleWebKit/537.36 (KHTML, like Gecko) Chrome/61.0.3163.100 Safari/537.36"
::1 - - [12/Nov/2017:16:27:28 +0000] "GET /styles/style.css HTTP/1.1" 200 4807 "http://localhost:5000/" "Mozilla/5.0 (Macintosh; Intel Mac OS X 10_12_6) AppleWebKit/537.36 (KHTML, like Gecko) Chrome/61.0.3163.100 Safari/537.36"
::1 - - [12/Nov/2017:16:27:28 +0000] "GET /jquery-3.2.1.min.js HTTP/1.1" 200 86659 "http://localhost:5000/" "Mozilla/5.0 (Macintosh; Intel Mac OS X 10_12_6) AppleWebKit/537.36 (KHTML, like Gecko) Chrome/61.0.3163.100 Safari/537.36"
::1 - - [12/Nov/2017:16:27:32 +0000] "POST / HTTP/1.1" 302 32 "http://localhost:5000/" "Mozilla/5.0 (Macintosh; Intel Mac OS X 10_12_6) AppleWebKit/537.36 (KHTML, like Gecko) Chrome/61.0.3163.100 Safari/537.36"
::1 - - [12/Nov/2017:16:27:32 +0000] "GET /code-hour HTTP/1.1" 200 8243 "http://localhost:5000/" "Mozilla/5.0 (Macintosh; Intel Mac OS X 10_12_6) AppleWebKit/537.36 (KHTML, like Gecko) Chrome/61.0.3163.100 Safari/537.36"
::1 - - [12/Nov/2017:16:29:20 +0000] "GET / HTTP/1.1" 200 1140 "-" "Mozilla/5.0 (Macintosh; Intel Mac OS X 10_12_6) AppleWebKit/537.36 (KHTML, like Gecko) Chrome/61.0.3163.100 Safari/537.36"
::1 - - [12/Nov/2017:16:29:20 +0000] "GET /styles/style.css HTTP/1.1" 200 4807 "http://localhost:5000/" "Mozilla/5.0 (Macintosh; Intel Mac OS X 10_12_6) AppleWebKit/537.36 (KHTML, like Gecko) Chrome/61.0.3163.100 Safari/537.36"
::1 - - [12/Nov/2017:16:29:20 +0000] "GET /jquery-3.2.1.min.js HTTP/1.1" 200 86659 "http://localhost:5000/" "Mozilla/5.0 (Macintosh; Intel Mac OS X 10_12_6) AppleWebKit/537.36 (KHTML, like Gecko) Chrome/61.0.3163.100 Safari/537.36"
::1 - - [12/Nov/2017:16:29:24 +0000] "POST / HTTP/1.1" 302 32 "http://localhost:5000/" "Mozilla/5.0 (Macintosh; Intel Mac OS X 10_12_6) AppleWebKit/537.36 (KHTML, like Gecko) Chrome/61.0.3163.100 Safari/537.36"
::1 - - [12/Nov/2017:16:29:24 +0000] "GET /code-hour HTTP/1.1" 200 8243 "http://localhost:5000/" "Mozilla/5.0 (Macintosh; Intel Mac OS X 10_12_6) AppleWebKit/537.36 (KHTML, like Gecko) Chrome/61.0.3163.100 Safari/537.36"
::1 - - [12/Nov/2017:16:56:49 +0000] "GET / HTTP/1.1" 200 1184 "-" "Mozilla/5.0 (Macintosh; Intel Mac OS X 10_12_6) AppleWebKit/537.36 (KHTML, like Gecko) Chrome/61.0.3163.100 Safari/537.36"
::1 - - [12/Nov/2017:16:56:49 +0000] "GET /styles/style.css HTTP/1.1" 200 4807 "http://localhost:5000/" "Mozilla/5.0 (Macintosh; Intel Mac OS X 10_12_6) AppleWebKit/537.36 (KHTML, like Gecko) Chrome/61.0.3163.100 Safari/537.36"
::1 - - [12/Nov/2017:16:56:49 +0000] "GET /jquery-3.2.1.min.js HTTP/1.1" 200 86659 "http://localhost:5000/" "Mozilla/5.0 (Macintosh; Intel Mac OS X 10_12_6) AppleWebKit/537.36 (KHTML, like Gecko) Chrome/61.0.3163.100 Safari/537.36"
::1 - - [12/Nov/2017:16:56:54 +0000] "POST / HTTP/1.1" 200 8243 "http://localhost:5000/" "Mozilla/5.0 (Macintosh; Intel Mac OS X 10_12_6) AppleWebKit/537.36 (KHTML, like Gecko) Chrome/61.0.3163.100 Safari/537.36"
::1 - - [12/Nov/2017:16:59:06 +0000] "GET / HTTP/1.1" 200 1179 "-" "Mozilla/5.0 (Macintosh; Intel Mac OS X 10_12_6) AppleWebKit/537.36 (KHTML, like Gecko) Chrome/61.0.3163.100 Safari/537.36"
::1 - - [12/Nov/2017:16:59:06 +0000] "GET /styles/style.css HTTP/1.1" 200 4807 "http://localhost:5000/" "Mozilla/5.0 (Macintosh; Intel Mac OS X 10_12_6) AppleWebKit/537.36 (KHTML, like Gecko) Chrome/61.0.3163.100 Safari/537.36"
::1 - - [12/Nov/2017:16:59:06 +0000] "GET /jquery-3.2.1.min.js HTTP/1.1" 200 86659 "http://localhost:5000/" "Mozilla/5.0 (Macintosh; Intel Mac OS X 10_12_6) AppleWebKit/537.36 (KHTML, like Gecko) Chrome/61.0.3163.100 Safari/537.36"
::1 - - [12/Nov/2017:16:59:10 +0000] "POST / HTTP/1.1" 200 8243 "http://localhost:5000/" "Mozilla/5.0 (Macintosh; Intel Mac OS X 10_12_6) AppleWebKit/537.36 (KHTML, like Gecko) Chrome/61.0.3163.100 Safari/537.36"
::1 - - [12/Nov/2017:16:59:56 +0000] "GET / HTTP/1.1" 200 1186 "-" "Mozilla/5.0 (Macintosh; Intel Mac OS X 10_12_6) AppleWebKit/537.36 (KHTML, like Gecko) Chrome/61.0.3163.100 Safari/537.36"
::1 - - [12/Nov/2017:16:59:56 +0000] "GET /styles/style.css HTTP/1.1" 200 4807 "http://localhost:5000/" "Mozilla/5.0 (Macintosh; Intel Mac OS X 10_12_6) AppleWebKit/537.36 (KHTML, like Gecko) Chrome/61.0.3163.100 Safari/537.36"
::1 - - [12/Nov/2017:16:59:56 +0000] "GET /jquery-3.2.1.min.js HTTP/1.1" 200 86659 "http://localhost:5000/" "Mozilla/5.0 (Macintosh; Intel Mac OS X 10_12_6) AppleWebKit/537.36 (KHTML, like Gecko) Chrome/61.0.3163.100 Safari/537.36"
::1 - - [12/Nov/2017:17:00:00 +0000] "POST / HTTP/1.1" 200 8243 "http://localhost:5000/" "Mozilla/5.0 (Macintosh; Intel Mac OS X 10_12_6) AppleWebKit/537.36 (KHTML, like Gecko) Chrome/61.0.3163.100 Safari/537.36"
::1 - - [12/Nov/2017:17:01:24 +0000] "GET / HTTP/1.1" 200 1186 "-" "Mozilla/5.0 (Macintosh; Intel Mac OS X 10_12_6) AppleWebKit/537.36 (KHTML, like Gecko) Chrome/61.0.3163.100 Safari/537.36"
::1 - - [12/Nov/2017:17:01:24 +0000] "GET /styles/style.css HTTP/1.1" 200 4807 "http://localhost:5000/" "Mozilla/5.0 (Macintosh; Intel Mac OS X 10_12_6) AppleWebKit/537.36 (KHTML, like Gecko) Chrome/61.0.3163.100 Safari/537.36"
::1 - - [12/Nov/2017:17:01:24 +0000] "GET /jquery-3.2.1.min.js HTTP/1.1" 200 86659 "http://localhost:5000/" "Mozilla/5.0 (Macintosh; Intel Mac OS X 10_12_6) AppleWebKit/537.36 (KHTML, like Gecko) Chrome/61.0.3163.100 Safari/537.36"
::1 - - [12/Nov/2017:17:01:28 +0000] "POST / HTTP/1.1" 200 8243 "http://localhost:5000/" "Mozilla/5.0 (Macintosh; Intel Mac OS X 10_12_6) AppleWebKit/537.36 (KHTML, like Gecko) Chrome/61.0.3163.100 Safari/537.36"
::1 - - [12/Nov/2017:17:02:01 +0000] "GET / HTTP/1.1" 200 1186 "-" "Mozilla/5.0 (Macintosh; Intel Mac OS X 10_12_6) AppleWebKit/537.36 (KHTML, like Gecko) Chrome/61.0.3163.100 Safari/537.36"
::1 - - [12/Nov/2017:17:02:01 +0000] "GET /styles/style.css HTTP/1.1" 200 4807 "http://localhost:5000/" "Mozilla/5.0 (Macintosh; Intel Mac OS X 10_12_6) AppleWebKit/537.36 (KHTML, like Gecko) Chrome/61.0.3163.100 Safari/537.36"
::1 - - [12/Nov/2017:17:02:01 +0000] "GET /jquery-3.2.1.min.js HTTP/1.1" 200 86659 "http://localhost:5000/" "Mozilla/5.0 (Macintosh; Intel Mac OS X 10_12_6) AppleWebKit/537.36 (KHTML, like Gecko) Chrome/61.0.3163.100 Safari/537.36"
::1 - - [12/Nov/2017:17:02:05 +0000] "POST / HTTP/1.1" 200 9 "http://localhost:5000/" "Mozilla/5.0 (Macintosh; Intel Mac OS X 10_12_6) AppleWebKit/537.36 (KHTML, like Gecko) Chrome/61.0.3163.100 Safari/537.36"
::1 - - [12/Nov/2017:17:02:22 +0000] "GET / HTTP/1.1" 200 1186 "-" "Mozilla/5.0 (Macintosh; Intel Mac OS X 10_12_6) AppleWebKit/537.36 (KHTML, like Gecko) Chrome/61.0.3163.100 Safari/537.36"
::1 - - [12/Nov/2017:17:02:22 +0000] "GET /styles/style.css HTTP/1.1" 200 4807 "http://localhost:5000/" "Mozilla/5.0 (Macintosh; Intel Mac OS X 10_12_6) AppleWebKit/537.36 (KHTML, like Gecko) Chrome/61.0.3163.100 Safari/537.36"
::1 - - [12/Nov/2017:17:02:22 +0000] "GET /jquery-3.2.1.min.js HTTP/1.1" 200 86659 "http://localhost:5000/" "Mozilla/5.0 (Macintosh; Intel Mac OS X 10_12_6) AppleWebKit/537.36 (KHTML, like Gecko) Chrome/61.0.3163.100 Safari/537.36"
::1 - - [12/Nov/2017:17:02:25 +0000] "POST / HTTP/1.1" 200 10 "http://localhost:5000/" "Mozilla/5.0 (Macintosh; Intel Mac OS X 10_12_6) AppleWebKit/537.36 (KHTML, like Gecko) Chrome/61.0.3163.100 Safari/537.36"
::1 - - [12/Nov/2017:17:02:46 +0000] "GET / HTTP/1.1" 200 1179 "-" "Mozilla/5.0 (Macintosh; Intel Mac OS X 10_12_6) AppleWebKit/537.36 (KHTML, like Gecko) Chrome/61.0.3163.100 Safari/537.36"
::1 - - [12/Nov/2017:17:02:46 +0000] "GET /styles/style.css HTTP/1.1" 200 4807 "http://localhost:5000/" "Mozilla/5.0 (Macintosh; Intel Mac OS X 10_12_6) AppleWebKit/537.36 (KHTML, like Gecko) Chrome/61.0.3163.100 Safari/537.36"
::1 - - [12/Nov/2017:17:02:46 +0000] "GET /jquery-3.2.1.min.js HTTP/1.1" 200 86659 "http://localhost:5000/" "Mozilla/5.0 (Macintosh; Intel Mac OS X 10_12_6) AppleWebKit/537.36 (KHTML, like Gecko) Chrome/61.0.3163.100 Safari/537.36"
::1 - - [12/Nov/2017:17:02:49 +0000] "POST / HTTP/1.1" 200 10 "http://localhost:5000/" "Mozilla/5.0 (Macintosh; Intel Mac OS X 10_12_6) AppleWebKit/537.36 (KHTML, like Gecko) Chrome/61.0.3163.100 Safari/537.36"
::1 - - [12/Nov/2017:17:02:49 +0000] "GET /code-hour HTTP/1.1" 200 8243 "http://localhost:5000/" "Mozilla/5.0 (Macintosh; Intel Mac OS X 10_12_6) AppleWebKit/537.36 (KHTML, like Gecko) Chrome/61.0.3163.100 Safari/537.36"
::1 - - [12/Nov/2017:17:02:49 +0000] "GET /styles/style.css HTTP/1.1" 200 4807 "http://localhost:5000/code-hour" "Mozilla/5.0 (Macintosh; Intel Mac OS X 10_12_6) AppleWebKit/537.36 (KHTML, like Gecko) Chrome/61.0.3163.100 Safari/537.36"
::1 - - [12/Nov/2017:17:02:49 +0000] "GET /index.js HTTP/1.1" 200 1922 "http://localhost:5000/code-hour" "Mozilla/5.0 (Macintosh; Intel Mac OS X 10_12_6) AppleWebKit/537.36 (KHTML, like Gecko) Chrome/61.0.3163.100 Safari/537.36"
::1 - - [12/Nov/2017:17:02:55 +0000] "GET /code-hour HTTP/1.1" 200 8243 "http://localhost:5000/" "Mozilla/5.0 (Macintosh; Intel Mac OS X 10_12_6) AppleWebKit/537.36 (KHTML, like Gecko) Chrome/61.0.3163.100 Safari/537.36"
::1 - - [12/Nov/2017:17:02:55 +0000] "GET /styles/style.css HTTP/1.1" 200 4807 "http://localhost:5000/code-hour" "Mozilla/5.0 (Macintosh; Intel Mac OS X 10_12_6) AppleWebKit/537.36 (KHTML, like Gecko) Chrome/61.0.3163.100 Safari/537.36"
::1 - - [12/Nov/2017:17:02:55 +0000] "GET /index.js HTTP/1.1" 200 1922 "http://localhost:5000/code-hour" "Mozilla/5.0 (Macintosh; Intel Mac OS X 10_12_6) AppleWebKit/537.36 (KHTML, like Gecko) Chrome/61.0.3163.100 Safari/537.36"
::1 - - [12/Nov/2017:17:02:56 +0000] "GET /styles/style.css HTTP/1.1" 200 4807 "http://localhost:5000/code-hour" "Mozilla/5.0 (Macintosh; Intel Mac OS X 10_12_6) AppleWebKit/537.36 (KHTML, like Gecko) Chrome/61.0.3163.100 Safari/537.36"
::1 - - [12/Nov/2017:17:02:56 +0000] "GET /index.js HTTP/1.1" 200 1922 "http://localhost:5000/code-hour" "Mozilla/5.0 (Macintosh; Intel Mac OS X 10_12_6) AppleWebKit/537.36 (KHTML, like Gecko) Chrome/61.0.3163.100 Safari/537.36"
::1 - - [12/Nov/2017:17:02:57 +0000] "GET / HTTP/1.1" 200 1179 "-" "Mozilla/5.0 (Macintosh; Intel Mac OS X 10_12_6) AppleWebKit/537.36 (KHTML, like Gecko) Chrome/61.0.3163.100 Safari/537.36"
::1 - - [12/Nov/2017:17:02:57 +0000] "GET /styles/style.css HTTP/1.1" 200 4807 "http://localhost:5000/" "Mozilla/5.0 (Macintosh; Intel Mac OS X 10_12_6) AppleWebKit/537.36 (KHTML, like Gecko) Chrome/61.0.3163.100 Safari/537.36"
::1 - - [12/Nov/2017:17:02:57 +0000] "GET /jquery-3.2.1.min.js HTTP/1.1" 200 86659 "http://localhost:5000/" "Mozilla/5.0 (Macintosh; Intel Mac OS X 10_12_6) AppleWebKit/537.36 (KHTML, like Gecko) Chrome/61.0.3163.100 Safari/537.36"
::1 - - [12/Nov/2017:17:03:03 +0000] "POST / HTTP/1.1" 200 10 "http://localhost:5000/" "Mozilla/5.0 (Macintosh; Intel Mac OS X 10_12_6) AppleWebKit/537.36 (KHTML, like Gecko) Chrome/61.0.3163.100 Safari/537.36"
::1 - - [12/Nov/2017:17:03:03 +0000] "GET /code_hour HTTP/1.1" 200 7499 "http://localhost:5000/" "Mozilla/5.0 (Macintosh; Intel Mac OS X 10_12_6) AppleWebKit/537.36 (KHTML, like Gecko) Chrome/61.0.3163.100 Safari/537.36"
::1 - - [12/Nov/2017:17:03:03 +0000] "GET /style.css HTTP/1.1" 404 148 "http://localhost:5000/code_hour" "Mozilla/5.0 (Macintosh; Intel Mac OS X 10_12_6) AppleWebKit/537.36 (KHTML, like Gecko) Chrome/61.0.3163.100 Safari/537.36"
::1 - - [12/Nov/2017:17:03:03 +0000] "GET /index.js HTTP/1.1" 200 1922 "http://localhost:5000/code_hour" "Mozilla/5.0 (Macintosh; Intel Mac OS X 10_12_6) AppleWebKit/537.36 (KHTML, like Gecko) Chrome/61.0.3163.100 Safari/537.36"
::1 - - [12/Nov/2017:17:04:03 +0000] "GET /code_hour HTTP/1.1" 200 7499 "http://localhost:5000/" "Mozilla/5.0 (Macintosh; Intel Mac OS X 10_12_6) AppleWebKit/537.36 (KHTML, like Gecko) Chrome/61.0.3163.100 Safari/537.36"
::1 - - [12/Nov/2017:17:04:03 +0000] "GET /style.css HTTP/1.1" 404 148 "http://localhost:5000/code_hour" "Mozilla/5.0 (Macintosh; Intel Mac OS X 10_12_6) AppleWebKit/537.36 (KHTML, like Gecko) Chrome/61.0.3163.100 Safari/537.36"
::1 - - [12/Nov/2017:17:04:03 +0000] "GET /index.js HTTP/1.1" 200 1922 "http://localhost:5000/code_hour" "Mozilla/5.0 (Macintosh; Intel Mac OS X 10_12_6) AppleWebKit/537.36 (KHTML, like Gecko) Chrome/61.0.3163.100 Safari/537.36"
::1 - - [12/Nov/2017:17:04:04 +0000] "GET /code_hour HTTP/1.1" 200 7499 "http://localhost:5000/" "Mozilla/5.0 (Macintosh; Intel Mac OS X 10_12_6) AppleWebKit/537.36 (KHTML, like Gecko) Chrome/61.0.3163.100 Safari/537.36"
::1 - - [12/Nov/2017:17:04:04 +0000] "GET /style.css HTTP/1.1" 404 148 "http://localhost:5000/code_hour" "Mozilla/5.0 (Macintosh; Intel Mac OS X 10_12_6) AppleWebKit/537.36 (KHTML, like Gecko) Chrome/61.0.3163.100 Safari/537.36"
::1 - - [12/Nov/2017:17:04:04 +0000] "GET /index.js HTTP/1.1" 200 1922 "http://localhost:5000/code_hour" "Mozilla/5.0 (Macintosh; Intel Mac OS X 10_12_6) AppleWebKit/537.36 (KHTML, like Gecko) Chrome/61.0.3163.100 Safari/537.36"
::1 - - [12/Nov/2017:17:04:10 +0000] "GET /code_hour HTTP/1.1" 304 - "-" "Mozilla/5.0 (Macintosh; Intel Mac OS X 10_12_6) AppleWebKit/537.36 (KHTML, like Gecko) Chrome/61.0.3163.100 Safari/537.36"
::1 - - [12/Nov/2017:17:04:10 +0000] "GET /style.css HTTP/1.1" 404 148 "http://localhost:5000/code_hour" "Mozilla/5.0 (Macintosh; Intel Mac OS X 10_12_6) AppleWebKit/537.36 (KHTML, like Gecko) Chrome/61.0.3163.100 Safari/537.36"
::1 - - [12/Nov/2017:17:04:10 +0000] "GET /index.js HTTP/1.1" 200 1922 "http://localhost:5000/code_hour" "Mozilla/5.0 (Macintosh; Intel Mac OS X 10_12_6) AppleWebKit/537.36 (KHTML, like Gecko) Chrome/61.0.3163.100 Safari/537.36"
::1 - - [12/Nov/2017:17:04:26 +0000] "GET /code_hour HTTP/1.1" 200 7502 "-" "Mozilla/5.0 (Macintosh; Intel Mac OS X 10_12_6) AppleWebKit/537.36 (KHTML, like Gecko) Chrome/61.0.3163.100 Safari/537.36"
::1 - - [12/Nov/2017:17:04:26 +0000] "GET /style/style.css HTTP/1.1" 404 154 "http://localhost:5000/code_hour" "Mozilla/5.0 (Macintosh; Intel Mac OS X 10_12_6) AppleWebKit/537.36 (KHTML, like Gecko) Chrome/61.0.3163.100 Safari/537.36"
::1 - - [12/Nov/2017:17:04:26 +0000] "GET /index.js HTTP/1.1" 200 1922 "http://localhost:5000/code_hour" "Mozilla/5.0 (Macintosh; Intel Mac OS X 10_12_6) AppleWebKit/537.36 (KHTML, like Gecko) Chrome/61.0.3163.100 Safari/537.36"
::1 - - [12/Nov/2017:17:04:29 +0000] "GET /code_hour HTTP/1.1" 304 - "-" "Mozilla/5.0 (Macintosh; Intel Mac OS X 10_12_6) AppleWebKit/537.36 (KHTML, like Gecko) Chrome/61.0.3163.100 Safari/537.36"
::1 - - [12/Nov/2017:17:04:29 +0000] "GET /style/style.css HTTP/1.1" 404 154 "http://localhost:5000/code_hour" "Mozilla/5.0 (Macintosh; Intel Mac OS X 10_12_6) AppleWebKit/537.36 (KHTML, like Gecko) Chrome/61.0.3163.100 Safari/537.36"
::1 - - [12/Nov/2017:17:04:29 +0000] "GET /index.js HTTP/1.1" 200 1922 "http://localhost:5000/code_hour" "Mozilla/5.0 (Macintosh; Intel Mac OS X 10_12_6) AppleWebKit/537.36 (KHTML, like Gecko) Chrome/61.0.3163.100 Safari/537.36"
::1 - - [12/Nov/2017:17:04:30 +0000] "GET /styles/style.css HTTP/1.1" 200 4807 "http://localhost:5000/?id=hello" "Mozilla/5.0 (Macintosh; Intel Mac OS X 10_12_6) AppleWebKit/537.36 (KHTML, like Gecko) Chrome/61.0.3163.100 Safari/537.36"
::1 - - [12/Nov/2017:17:04:30 +0000] "GET /jquery-3.2.1.min.js HTTP/1.1" 200 86659 "http://localhost:5000/?id=hello" "Mozilla/5.0 (Macintosh; Intel Mac OS X 10_12_6) AppleWebKit/537.36 (KHTML, like Gecko) Chrome/61.0.3163.100 Safari/537.36"
::1 - - [12/Nov/2017:17:04:34 +0000] "POST / HTTP/1.1" 200 10 "http://localhost:5000/?id=hello" "Mozilla/5.0 (Macintosh; Intel Mac OS X 10_12_6) AppleWebKit/537.36 (KHTML, like Gecko) Chrome/61.0.3163.100 Safari/537.36"
::1 - - [12/Nov/2017:17:04:39 +0000] "GET / HTTP/1.1" 200 1179 "-" "Mozilla/5.0 (Macintosh; Intel Mac OS X 10_12_6) AppleWebKit/537.36 (KHTML, like Gecko) Chrome/61.0.3163.100 Safari/537.36"
::1 - - [12/Nov/2017:17:04:39 +0000] "GET /styles/style.css HTTP/1.1" 200 4807 "http://localhost:5000/" "Mozilla/5.0 (Macintosh; Intel Mac OS X 10_12_6) AppleWebKit/537.36 (KHTML, like Gecko) Chrome/61.0.3163.100 Safari/537.36"
::1 - - [12/Nov/2017:17:04:39 +0000] "GET /jquery-3.2.1.min.js HTTP/1.1" 200 86659 "http://localhost:5000/" "Mozilla/5.0 (Macintosh; Intel Mac OS X 10_12_6) AppleWebKit/537.36 (KHTML, like Gecko) Chrome/61.0.3163.100 Safari/537.36"
::1 - - [12/Nov/2017:17:04:43 +0000] "POST / HTTP/1.1" 200 10 "http://localhost:5000/" "Mozilla/5.0 (Macintosh; Intel Mac OS X 10_12_6) AppleWebKit/537.36 (KHTML, like Gecko) Chrome/61.0.3163.100 Safari/537.36"
::1 - - [12/Nov/2017:17:04:43 +0000] "GET /code_hour HTTP/1.1" 200 7502 "http://localhost:5000/" "Mozilla/5.0 (Macintosh; Intel Mac OS X 10_12_6) AppleWebKit/537.36 (KHTML, like Gecko) Chrome/61.0.3163.100 Safari/537.36"
::1 - - [12/Nov/2017:17:04:43 +0000] "GET /style/style.css HTTP/1.1" 404 154 "http://localhost:5000/code_hour" "Mozilla/5.0 (Macintosh; Intel Mac OS X 10_12_6) AppleWebKit/537.36 (KHTML, like Gecko) Chrome/61.0.3163.100 Safari/537.36"
::1 - - [12/Nov/2017:17:04:43 +0000] "GET /index.js HTTP/1.1" 200 1922 "http://localhost:5000/code_hour" "Mozilla/5.0 (Macintosh; Intel Mac OS X 10_12_6) AppleWebKit/537.36 (KHTML, like Gecko) Chrome/61.0.3163.100 Safari/537.36"
::1 - - [12/Nov/2017:17:05:22 +0000] "GET /code_hour HTTP/1.1" 200 7503 "http://localhost:5000/" "Mozilla/5.0 (Macintosh; Intel Mac OS X 10_12_6) AppleWebKit/537.36 (KHTML, like Gecko) Chrome/61.0.3163.100 Safari/537.36"
::1 - - [12/Nov/2017:17:05:22 +0000] "GET /index.js HTTP/1.1" 200 1922 "http://localhost:5000/code_hour" "Mozilla/5.0 (Macintosh; Intel Mac OS X 10_12_6) AppleWebKit/537.36 (KHTML, like Gecko) Chrome/61.0.3163.100 Safari/537.36"
::1 - - [12/Nov/2017:17:05:22 +0000] "GET /styles/style.css HTTP/1.1" 200 4807 "http://localhost:5000/code_hour" "Mozilla/5.0 (Macintosh; Intel Mac OS X 10_12_6) AppleWebKit/537.36 (KHTML, like Gecko) Chrome/61.0.3163.100 Safari/537.36"
::1 - - [12/Nov/2017:17:15:12 +0000] "GET /code_hour HTTP/1.1" 200 7503 "http://localhost:5000/" "Mozilla/5.0 (Macintosh; Intel Mac OS X 10_12_6) AppleWebKit/537.36 (KHTML, like Gecko) Chrome/61.0.3163.100 Safari/537.36"
::1 - - [12/Nov/2017:17:15:12 +0000] "GET /styles/style.css HTTP/1.1" 200 4807 "http://localhost:5000/code_hour" "Mozilla/5.0 (Macintosh; Intel Mac OS X 10_12_6) AppleWebKit/537.36 (KHTML, like Gecko) Chrome/61.0.3163.100 Safari/537.36"
::1 - - [12/Nov/2017:17:15:12 +0000] "GET /index.js HTTP/1.1" 200 1922 "http://localhost:5000/code_hour" "Mozilla/5.0 (Macintosh; Intel Mac OS X 10_12_6) AppleWebKit/537.36 (KHTML, like Gecko) Chrome/61.0.3163.100 Safari/537.36"
::1 - - [12/Nov/2017:17:15:40 +0000] "GET / HTTP/1.1" 200 1026 "-" "Mozilla/5.0 (Macintosh; Intel Mac OS X 10_12_6) AppleWebKit/537.36 (KHTML, like Gecko) Chrome/61.0.3163.100 Safari/537.36"
::1 - - [12/Nov/2017:17:15:40 +0000] "GET /styles/style.css HTTP/1.1" 304 - "http://localhost:5000/" "Mozilla/5.0 (Macintosh; Intel Mac OS X 10_12_6) AppleWebKit/537.36 (KHTML, like Gecko) Chrome/61.0.3163.100 Safari/537.36"
::1 - - [12/Nov/2017:17:15:40 +0000] "GET /jquery-3.2.1.min.js HTTP/1.1" 304 - "http://localhost:5000/" "Mozilla/5.0 (Macintosh; Intel Mac OS X 10_12_6) AppleWebKit/537.36 (KHTML, like Gecko) Chrome/61.0.3163.100 Safari/537.36"
::1 - - [12/Nov/2017:17:15:42 +0000] "GET / HTTP/1.1" 304 - "-" "Mozilla/5.0 (Macintosh; Intel Mac OS X 10_12_6) AppleWebKit/537.36 (KHTML, like Gecko) Chrome/61.0.3163.100 Safari/537.36"
::1 - - [12/Nov/2017:17:15:42 +0000] "GET /styles/style.css HTTP/1.1" 304 - "http://localhost:5000/" "Mozilla/5.0 (Macintosh; Intel Mac OS X 10_12_6) AppleWebKit/537.36 (KHTML, like Gecko) Chrome/61.0.3163.100 Safari/537.36"
::1 - - [12/Nov/2017:17:15:42 +0000] "GET /jquery-3.2.1.min.js HTTP/1.1" 304 - "http://localhost:5000/" "Mozilla/5.0 (Macintosh; Intel Mac OS X 10_12_6) AppleWebKit/537.36 (KHTML, like Gecko) Chrome/61.0.3163.100 Safari/537.36"
::1 - - [12/Nov/2017:17:15:42 +0000] "GET / HTTP/1.1" 304 - "-" "Mozilla/5.0 (Macintosh; Intel Mac OS X 10_12_6) AppleWebKit/537.36 (KHTML, like Gecko) Chrome/61.0.3163.100 Safari/537.36"
::1 - - [12/Nov/2017:17:15:42 +0000] "GET /styles/style.css HTTP/1.1" 304 - "http://localhost:5000/" "Mozilla/5.0 (Macintosh; Intel Mac OS X 10_12_6) AppleWebKit/537.36 (KHTML, like Gecko) Chrome/61.0.3163.100 Safari/537.36"
::1 - - [12/Nov/2017:17:15:42 +0000] "GET /jquery-3.2.1.min.js HTTP/1.1" 304 - "http://localhost:5000/" "Mozilla/5.0 (Macintosh; Intel Mac OS X 10_12_6) AppleWebKit/537.36 (KHTML, like Gecko) Chrome/61.0.3163.100 Safari/537.36"
::1 - - [12/Nov/2017:17:15:42 +0000] "GET / HTTP/1.1" 304 - "-" "Mozilla/5.0 (Macintosh; Intel Mac OS X 10_12_6) AppleWebKit/537.36 (KHTML, like Gecko) Chrome/61.0.3163.100 Safari/537.36"
::1 - - [12/Nov/2017:17:15:42 +0000] "GET /styles/style.css HTTP/1.1" 304 - "http://localhost:5000/" "Mozilla/5.0 (Macintosh; Intel Mac OS X 10_12_6) AppleWebKit/537.36 (KHTML, like Gecko) Chrome/61.0.3163.100 Safari/537.36"
::1 - - [12/Nov/2017:17:15:42 +0000] "GET /jquery-3.2.1.min.js HTTP/1.1" 304 - "http://localhost:5000/" "Mozilla/5.0 (Macintosh; Intel Mac OS X 10_12_6) AppleWebKit/537.36 (KHTML, like Gecko) Chrome/61.0.3163.100 Safari/537.36"
::1 - - [12/Nov/2017:17:15:43 +0000] "GET / HTTP/1.1" 304 - "-" "Mozilla/5.0 (Macintosh; Intel Mac OS X 10_12_6) AppleWebKit/537.36 (KHTML, like Gecko) Chrome/61.0.3163.100 Safari/537.36"
::1 - - [12/Nov/2017:17:15:43 +0000] "GET /styles/style.css HTTP/1.1" 304 - "http://localhost:5000/" "Mozilla/5.0 (Macintosh; Intel Mac OS X 10_12_6) AppleWebKit/537.36 (KHTML, like Gecko) Chrome/61.0.3163.100 Safari/537.36"
::1 - - [12/Nov/2017:17:15:43 +0000] "GET /jquery-3.2.1.min.js HTTP/1.1" 304 - "http://localhost:5000/" "Mozilla/5.0 (Macintosh; Intel Mac OS X 10_12_6) AppleWebKit/537.36 (KHTML, like Gecko) Chrome/61.0.3163.100 Safari/537.36"
::1 - - [12/Nov/2017:17:16:51 +0000] "GET / HTTP/1.1" 304 - "-" "Mozilla/5.0 (Macintosh; Intel Mac OS X 10_12_6) AppleWebKit/537.36 (KHTML, like Gecko) Chrome/61.0.3163.100 Safari/537.36"
::1 - - [12/Nov/2017:17:16:51 +0000] "GET /styles/style.css HTTP/1.1" 304 - "http://localhost:5000/" "Mozilla/5.0 (Macintosh; Intel Mac OS X 10_12_6) AppleWebKit/537.36 (KHTML, like Gecko) Chrome/61.0.3163.100 Safari/537.36"
::1 - - [12/Nov/2017:17:16:51 +0000] "GET /jquery-3.2.1.min.js HTTP/1.1" 304 - "http://localhost:5000/" "Mozilla/5.0 (Macintosh; Intel Mac OS X 10_12_6) AppleWebKit/537.36 (KHTML, like Gecko) Chrome/61.0.3163.100 Safari/537.36"
::1 - - [12/Nov/2017:17:16:51 +0000] "GET /?id= HTTP/1.1" 200 1026 "http://localhost:5000/" "Mozilla/5.0 (Macintosh; Intel Mac OS X 10_12_6) AppleWebKit/537.36 (KHTML, like Gecko) Chrome/61.0.3163.100 Safari/537.36"
::1 - - [12/Nov/2017:17:16:51 +0000] "GET /styles/style.css HTTP/1.1" 304 - "http://localhost:5000/?id=" "Mozilla/5.0 (Macintosh; Intel Mac OS X 10_12_6) AppleWebKit/537.36 (KHTML, like Gecko) Chrome/61.0.3163.100 Safari/537.36"
::1 - - [12/Nov/2017:17:16:51 +0000] "GET /jquery-3.2.1.min.js HTTP/1.1" 304 - "http://localhost:5000/?id=" "Mozilla/5.0 (Macintosh; Intel Mac OS X 10_12_6) AppleWebKit/537.36 (KHTML, like Gecko) Chrome/61.0.3163.100 Safari/537.36"
::1 - - [12/Nov/2017:17:16:52 +0000] "GET /?id= HTTP/1.1" 304 - "http://localhost:5000/?id=" "Mozilla/5.0 (Macintosh; Intel Mac OS X 10_12_6) AppleWebKit/537.36 (KHTML, like Gecko) Chrome/61.0.3163.100 Safari/537.36"
::1 - - [12/Nov/2017:17:16:53 +0000] "GET /styles/style.css HTTP/1.1" 304 - "http://localhost:5000/?id=" "Mozilla/5.0 (Macintosh; Intel Mac OS X 10_12_6) AppleWebKit/537.36 (KHTML, like Gecko) Chrome/61.0.3163.100 Safari/537.36"
::1 - - [12/Nov/2017:17:16:53 +0000] "GET /jquery-3.2.1.min.js HTTP/1.1" 304 - "http://localhost:5000/?id=" "Mozilla/5.0 (Macintosh; Intel Mac OS X 10_12_6) AppleWebKit/537.36 (KHTML, like Gecko) Chrome/61.0.3163.100 Safari/537.36"
::1 - - [12/Nov/2017:17:17:15 +0000] "GET /?id= HTTP/1.1" 200 1024 "http://localhost:5000/?id=" "Mozilla/5.0 (Macintosh; Intel Mac OS X 10_12_6) AppleWebKit/537.36 (KHTML, like Gecko) Chrome/61.0.3163.100 Safari/537.36"
::1 - - [12/Nov/2017:17:17:15 +0000] "GET /robots.txt HTTP/1.1" 404 149 "-" "Mozilla/5.0 (Macintosh; Intel Mac OS X 10_12_6) AppleWebKit/537.36 (KHTML, like Gecko) Chrome/61.0.3163.100 Safari/537.36"
::1 - - [12/Nov/2017:17:17:15 +0000] "GET /styles/style.css HTTP/1.1" 304 - "http://localhost:5000/?id=" "Mozilla/5.0 (Macintosh; Intel Mac OS X 10_12_6) AppleWebKit/537.36 (KHTML, like Gecko) Chrome/61.0.3163.100 Safari/537.36"
::1 - - [12/Nov/2017:17:17:15 +0000] "GET /jquery-3.2.1.min.js HTTP/1.1" 304 - "http://localhost:5000/?id=" "Mozilla/5.0 (Macintosh; Intel Mac OS X 10_12_6) AppleWebKit/537.36 (KHTML, like Gecko) Chrome/61.0.3163.100 Safari/537.36"
::1 - - [12/Nov/2017:17:17:19 +0000] "GET / HTTP/1.1" 200 1024 "-" "Mozilla/5.0 (Macintosh; Intel Mac OS X 10_12_6) AppleWebKit/537.36 (KHTML, like Gecko) Chrome/61.0.3163.100 Safari/537.36"
::1 - - [12/Nov/2017:17:17:19 +0000] "GET /styles/style.css HTTP/1.1" 304 - "http://localhost:5000/" "Mozilla/5.0 (Macintosh; Intel Mac OS X 10_12_6) AppleWebKit/537.36 (KHTML, like Gecko) Chrome/61.0.3163.100 Safari/537.36"
::1 - - [12/Nov/2017:17:17:19 +0000] "GET /jquery-3.2.1.min.js HTTP/1.1" 304 - "http://localhost:5000/" "Mozilla/5.0 (Macintosh; Intel Mac OS X 10_12_6) AppleWebKit/537.36 (KHTML, like Gecko) Chrome/61.0.3163.100 Safari/537.36"
::1 - - [12/Nov/2017:17:17:45 +0000] "GET / HTTP/1.1" 200 1019 "-" "Mozilla/5.0 (Macintosh; Intel Mac OS X 10_12_6) AppleWebKit/537.36 (KHTML, like Gecko) Chrome/61.0.3163.100 Safari/537.36"
::1 - - [12/Nov/2017:17:17:45 +0000] "GET /styles/style.css HTTP/1.1" 304 - "http://localhost:5000/" "Mozilla/5.0 (Macintosh; Intel Mac OS X 10_12_6) AppleWebKit/537.36 (KHTML, like Gecko) Chrome/61.0.3163.100 Safari/537.36"
::1 - - [12/Nov/2017:17:17:45 +0000] "GET /jquery-3.2.1.min.js HTTP/1.1" 304 - "http://localhost:5000/" "Mozilla/5.0 (Macintosh; Intel Mac OS X 10_12_6) AppleWebKit/537.36 (KHTML, like Gecko) Chrome/61.0.3163.100 Safari/537.36"
::1 - - [12/Nov/2017:17:17:53 +0000] "POST / HTTP/1.1" 200 10 "http://localhost:5000/" "Mozilla/5.0 (Macintosh; Intel Mac OS X 10_12_6) AppleWebKit/537.36 (KHTML, like Gecko) Chrome/61.0.3163.100 Safari/537.36"
::1 - - [12/Nov/2017:17:17:53 +0000] "GET /code-hour HTTP/1.1" 304 - "http://localhost:5000/" "Mozilla/5.0 (Macintosh; Intel Mac OS X 10_12_6) AppleWebKit/537.36 (KHTML, like Gecko) Chrome/61.0.3163.100 Safari/537.36"
::1 - - [12/Nov/2017:17:17:53 +0000] "GET /styles/style.css HTTP/1.1" 304 - "http://localhost:5000/code-hour" "Mozilla/5.0 (Macintosh; Intel Mac OS X 10_12_6) AppleWebKit/537.36 (KHTML, like Gecko) Chrome/61.0.3163.100 Safari/537.36"
::1 - - [12/Nov/2017:17:17:53 +0000] "GET /index.js HTTP/1.1" 304 - "http://localhost:5000/code-hour" "Mozilla/5.0 (Macintosh; Intel Mac OS X 10_12_6) AppleWebKit/537.36 (KHTML, like Gecko) Chrome/61.0.3163.100 Safari/537.36"
::1 - - [12/Nov/2017:17:23:35 +0000] "GET /code-hour HTTP/1.1" 200 8242 "http://localhost:5000/" "Mozilla/5.0 (Macintosh; Intel Mac OS X 10_12_6) AppleWebKit/537.36 (KHTML, like Gecko) Chrome/61.0.3163.100 Safari/537.36"
::1 - - [12/Nov/2017:17:23:35 +0000] "GET /styles/style.css HTTP/1.1" 304 - "http://localhost:5000/code-hour" "Mozilla/5.0 (Macintosh; Intel Mac OS X 10_12_6) AppleWebKit/537.36 (KHTML, like Gecko) Chrome/61.0.3163.100 Safari/537.36"
::1 - - [12/Nov/2017:17:23:35 +0000] "GET /index.js HTTP/1.1" 304 - "http://localhost:5000/code-hour" "Mozilla/5.0 (Macintosh; Intel Mac OS X 10_12_6) AppleWebKit/537.36 (KHTML, like Gecko) Chrome/61.0.3163.100 Safari/537.36"
::1 - - [12/Nov/2017:17:30:47 +0000] "GET /code-hour HTTP/1.1" 200 8370 "http://localhost:5000/" "Mozilla/5.0 (Macintosh; Intel Mac OS X 10_12_6) AppleWebKit/537.36 (KHTML, like Gecko) Chrome/61.0.3163.100 Safari/537.36"
::1 - - [12/Nov/2017:17:30:47 +0000] "GET /styles/style.css HTTP/1.1" 304 - "http://localhost:5000/code-hour" "Mozilla/5.0 (Macintosh; Intel Mac OS X 10_12_6) AppleWebKit/537.36 (KHTML, like Gecko) Chrome/61.0.3163.100 Safari/537.36"
::1 - - [12/Nov/2017:17:30:47 +0000] "GET /index.js HTTP/1.1" 304 - "http://localhost:5000/code-hour" "Mozilla/5.0 (Macintosh; Intel Mac OS X 10_12_6) AppleWebKit/537.36 (KHTML, like Gecko) Chrome/61.0.3163.100 Safari/537.36"
::1 - - [12/Nov/2017:17:35:00 +0000] "GET / HTTP/1.1" 200 1019 "-" "Mozilla/5.0 (Macintosh; Intel Mac OS X 10_12_6) AppleWebKit/537.36 (KHTML, like Gecko) Chrome/61.0.3163.100 Safari/537.36"
::1 - - [12/Nov/2017:17:35:00 +0000] "GET /jquery-3.2.1.min.js HTTP/1.1" 304 - "http://localhost:5000/" "Mozilla/5.0 (Macintosh; Intel Mac OS X 10_12_6) AppleWebKit/537.36 (KHTML, like Gecko) Chrome/61.0.3163.100 Safari/537.36"
::1 - - [12/Nov/2017:17:35:00 +0000] "GET /styles/style.css HTTP/1.1" 304 - "http://localhost:5000/" "Mozilla/5.0 (Macintosh; Intel Mac OS X 10_12_6) AppleWebKit/537.36 (KHTML, like Gecko) Chrome/61.0.3163.100 Safari/537.36"
::1 - - [12/Nov/2017:17:35:04 +0000] "POST / HTTP/1.1" 200 10 "http://localhost:5000/" "Mozilla/5.0 (Macintosh; Intel Mac OS X 10_12_6) AppleWebKit/537.36 (KHTML, like Gecko) Chrome/61.0.3163.100 Safari/537.36"
::1 - - [12/Nov/2017:17:35:04 +0000] "GET /code_hour HTTP/1.1" 304 - "http://localhost:5000/" "Mozilla/5.0 (Macintosh; Intel Mac OS X 10_12_6) AppleWebKit/537.36 (KHTML, like Gecko) Chrome/61.0.3163.100 Safari/537.36"
::1 - - [12/Nov/2017:17:35:04 +0000] "GET /styles/style.css HTTP/1.1" 304 - "http://localhost:5000/code_hour" "Mozilla/5.0 (Macintosh; Intel Mac OS X 10_12_6) AppleWebKit/537.36 (KHTML, like Gecko) Chrome/61.0.3163.100 Safari/537.36"
::1 - - [12/Nov/2017:17:35:04 +0000] "GET /index.js HTTP/1.1" 304 - "http://localhost:5000/code_hour" "Mozilla/5.0 (Macintosh; Intel Mac OS X 10_12_6) AppleWebKit/537.36 (KHTML, like Gecko) Chrome/61.0.3163.100 Safari/537.36"
::1 - - [12/Nov/2017:17:37:18 +0000] "GET /code-hour HTTP/1.1" 200 8488 "http://localhost:5000/" "Mozilla/5.0 (Macintosh; Intel Mac OS X 10_12_6) AppleWebKit/537.36 (KHTML, like Gecko) Chrome/61.0.3163.100 Safari/537.36"
::1 - - [12/Nov/2017:17:37:18 +0000] "GET /styles/style.css HTTP/1.1" 304 - "http://localhost:5000/code-hour" "Mozilla/5.0 (Macintosh; Intel Mac OS X 10_12_6) AppleWebKit/537.36 (KHTML, like Gecko) Chrome/61.0.3163.100 Safari/537.36"
::1 - - [12/Nov/2017:17:37:18 +0000] "GET /index.js HTTP/1.1" 304 - "http://localhost:5000/code-hour" "Mozilla/5.0 (Macintosh; Intel Mac OS X 10_12_6) AppleWebKit/537.36 (KHTML, like Gecko) Chrome/61.0.3163.100 Safari/537.36"
::1 - - [12/Nov/2017:18:09:49 +0000] "GET /code-hour HTTP/1.1" 200 8704 "http://localhost:5000/" "Mozilla/5.0 (Macintosh; Intel Mac OS X 10_12_6) AppleWebKit/537.36 (KHTML, like Gecko) Chrome/61.0.3163.100 Safari/537.36"
::1 - - [12/Nov/2017:18:09:49 +0000] "GET /styles/style.css HTTP/1.1" 304 - "http://localhost:5000/code-hour" "Mozilla/5.0 (Macintosh; Intel Mac OS X 10_12_6) AppleWebKit/537.36 (KHTML, like Gecko) Chrome/61.0.3163.100 Safari/537.36"
::1 - - [12/Nov/2017:18:09:49 +0000] "GET /index.js HTTP/1.1" 304 - "http://localhost:5000/code-hour" "Mozilla/5.0 (Macintosh; Intel Mac OS X 10_12_6) AppleWebKit/537.36 (KHTML, like Gecko) Chrome/61.0.3163.100 Safari/537.36"
::1 - - [12/Nov/2017:18:10:17 +0000] "GET /code-hour HTTP/1.1" 200 8715 "http://localhost:5000/" "Mozilla/5.0 (Macintosh; Intel Mac OS X 10_12_6) AppleWebKit/537.36 (KHTML, like Gecko) Chrome/61.0.3163.100 Safari/537.36"
::1 - - [12/Nov/2017:18:10:17 +0000] "GET /styles/style.css HTTP/1.1" 304 - "http://localhost:5000/code-hour" "Mozilla/5.0 (Macintosh; Intel Mac OS X 10_12_6) AppleWebKit/537.36 (KHTML, like Gecko) Chrome/61.0.3163.100 Safari/537.36"
::1 - - [12/Nov/2017:18:10:17 +0000] "GET /index.js HTTP/1.1" 304 - "http://localhost:5000/code-hour" "Mozilla/5.0 (Macintosh; Intel Mac OS X 10_12_6) AppleWebKit/537.36 (KHTML, like Gecko) Chrome/61.0.3163.100 Safari/537.36"
::1 - - [12/Nov/2017:18:10:54 +0000] "GET /code-hour HTTP/1.1" 200 8748 "http://localhost:5000/" "Mozilla/5.0 (Macintosh; Intel Mac OS X 10_12_6) AppleWebKit/537.36 (KHTML, like Gecko) Chrome/61.0.3163.100 Safari/537.36"
::1 - - [12/Nov/2017:18:10:54 +0000] "GET /styles/style.css HTTP/1.1" 304 - "http://localhost:5000/code-hour" "Mozilla/5.0 (Macintosh; Intel Mac OS X 10_12_6) AppleWebKit/537.36 (KHTML, like Gecko) Chrome/61.0.3163.100 Safari/537.36"
::1 - - [12/Nov/2017:18:10:54 +0000] "GET /index.js HTTP/1.1" 304 - "http://localhost:5000/code-hour" "Mozilla/5.0 (Macintosh; Intel Mac OS X 10_12_6) AppleWebKit/537.36 (KHTML, like Gecko) Chrome/61.0.3163.100 Safari/537.36"
::1 - - [12/Nov/2017:18:11:33 +0000] "GET /code-hour HTTP/1.1" 200 8760 "http://localhost:5000/" "Mozilla/5.0 (Macintosh; Intel Mac OS X 10_12_6) AppleWebKit/537.36 (KHTML, like Gecko) Chrome/61.0.3163.100 Safari/537.36"
::1 - - [12/Nov/2017:18:11:33 +0000] "GET /styles/style.css HTTP/1.1" 304 - "http://localhost:5000/code-hour" "Mozilla/5.0 (Macintosh; Intel Mac OS X 10_12_6) AppleWebKit/537.36 (KHTML, like Gecko) Chrome/61.0.3163.100 Safari/537.36"
::1 - - [12/Nov/2017:18:11:33 +0000] "GET /index.js HTTP/1.1" 304 - "http://localhost:5000/code-hour" "Mozilla/5.0 (Macintosh; Intel Mac OS X 10_12_6) AppleWebKit/537.36 (KHTML, like Gecko) Chrome/61.0.3163.100 Safari/537.36"
::1 - - [12/Nov/2017:18:12:28 +0000] "GET /code-hour HTTP/1.1" 200 8774 "http://localhost:5000/" "Mozilla/5.0 (Macintosh; Intel Mac OS X 10_12_6) AppleWebKit/537.36 (KHTML, like Gecko) Chrome/61.0.3163.100 Safari/537.36"
::1 - - [12/Nov/2017:18:12:28 +0000] "GET /styles/style.css HTTP/1.1" 304 - "http://localhost:5000/code-hour" "Mozilla/5.0 (Macintosh; Intel Mac OS X 10_12_6) AppleWebKit/537.36 (KHTML, like Gecko) Chrome/61.0.3163.100 Safari/537.36"
::1 - - [12/Nov/2017:18:12:28 +0000] "GET /index.js HTTP/1.1" 304 - "http://localhost:5000/code-hour" "Mozilla/5.0 (Macintosh; Intel Mac OS X 10_12_6) AppleWebKit/537.36 (KHTML, like Gecko) Chrome/61.0.3163.100 Safari/537.36"
::1 - - [12/Nov/2017:18:13:36 +0000] "GET /code-hour HTTP/1.1" 200 8903 "http://localhost:5000/" "Mozilla/5.0 (Macintosh; Intel Mac OS X 10_12_6) AppleWebKit/537.36 (KHTML, like Gecko) Chrome/61.0.3163.100 Safari/537.36"
::1 - - [12/Nov/2017:18:13:36 +0000] "GET /styles/style.css HTTP/1.1" 304 - "http://localhost:5000/code-hour" "Mozilla/5.0 (Macintosh; Intel Mac OS X 10_12_6) AppleWebKit/537.36 (KHTML, like Gecko) Chrome/61.0.3163.100 Safari/537.36"
::1 - - [12/Nov/2017:18:13:36 +0000] "GET /index.js HTTP/1.1" 304 - "http://localhost:5000/code-hour" "Mozilla/5.0 (Macintosh; Intel Mac OS X 10_12_6) AppleWebKit/537.36 (KHTML, like Gecko) Chrome/61.0.3163.100 Safari/537.36"
